<?xml version="1.0" encoding="UTF-8"?>
<testsuite xmlns:xsi="http://www.w3.org/2001/XMLSchema-instance" xsi:noNamespaceSchemaLocation="https://maven.apache.org/surefire/maven-surefire-plugin/xsd/surefire-test-report-3.0.xsd" version="3.0" name="TestSuite" time="35.403" tests="2" errors="0" skipped="0" failures="0">
  <properties>
[...]
</properties>
  <testcase name="loginTest" classname="com.nopcommerce.testCases.TC_LoginTest_001" time="13.134">
    <system-out><![CDATA[ INFO [main] (TC_LoginTest_001.java:17)- URL is Opened
 INFO [main] (TC_LoginTest_001.java:22)- UserName Provided
 INFO [main] (TC_LoginTest_001.java:25)- Password Provided
 INFO [main] (TC_LoginTest_001.java:28)- Login is Clicked
 INFO [main] (TC_LoginTest_001.java:36)- Login Passed
]]></system-out>
    <system-err><![CDATA[SLF4J: Failed to load class "org.slf4j.impl.StaticLoggerBinder".
SLF4J: Defaulting to no-operation (NOP) logger implementation
SLF4J: See http://www.slf4j.org/codes.html#StaticLoggerBinder for further details.
ERROR StatusLogger Log4j2 could not find a logging implementation. Please add log4j-core to the classpath. Using SimpleLogger to log to the console...
Starting ChromeDriver 107.0.5304.62 (1eec40d3a5764881c92085aaee66d25075c159aa-refs/branch-heads/5304@{#942}) on port 52052
Only local connections are allowed.
Please see https://chromedriver.chromium.org/security-considerations for suggestions on keeping ChromeDriver safe.
ChromeDriver was started successfully.
Nov 08, 2022 5:43:48 PM org.openqa.selenium.remote.ProtocolHandshake createSession
INFO: Detected upstream dialect: W3C
Nov 08, 2022 5:43:48 PM org.openqa.selenium.devtools.CdpVersionFinder findNearestMatch
WARNING: Unable to find an exact match for CDP version 107, so returning the closest version found: 106
Nov 08, 2022 5:43:48 PM org.openqa.selenium.devtools.CdpVersionFinder findNearestMatch
INFO: Found CDP implementation for version 107 of 106
]]></system-err>
  </testcase>
  <testcase name="addNewCustomer" classname="com.nopcommerce.testCases.TC_AddCustomer_003" time="12.635">
    <system-out><![CDATA[ INFO [main] (TC_AddCustomer_003.java:23)- User name is provided
 INFO [main] (TC_AddCustomer_003.java:26)- password is provided
 INFO [main] (TC_AddCustomer_003.java:30)- providing customer details....
 INFO [main] (TC_AddCustomer_003.java:35)- clicked on customermenu....
 INFO [main] (TC_AddCustomer_003.java:39)- Clicked on Addnew....
 INFO [main] (TC_AddCustomer_003.java:43)- providing email....
 INFO [main] (TC_AddCustomer_003.java:46)- providing Password....
 INFO [main] (TC_AddCustomer_003.java:50)- providing First name....
 INFO [main] (TC_AddCustomer_003.java:53)- providing Last name....
 INFO [main] (TC_AddCustomer_003.java:56)- Clicked on gender....
 INFO [main] (TC_AddCustomer_003.java:59)- providing Date of birth....
 INFO [main] (TC_AddCustomer_003.java:61)- providing company name....
 INFO [main] (TC_AddCustomer_003.java:67)- providing customer roles....
 INFO [main] (TC_AddCustomer_003.java:74)- validation started....
 INFO [main] (TC_AddCustomer_003.java:84)- Test case passed....
]]></system-out>
    <system-err><![CDATA[Starting ChromeDriver 107.0.5304.62 (1eec40d3a5764881c92085aaee66d25075c159aa-refs/branch-heads/5304@{#942}) on port 64196
Only local connections are allowed.
Please see https://chromedriver.chromium.org/security-considerations for suggestions on keeping ChromeDriver safe.
ChromeDriver was started successfully.
Nov 08, 2022 5:44:02 PM org.openqa.selenium.remote.ProtocolHandshake createSession
INFO: Detected upstream dialect: W3C
Nov 08, 2022 5:44:02 PM org.openqa.selenium.devtools.CdpVersionFinder findNearestMatch
WARNING: Unable to find an exact match for CDP version 107, so returning the closest version found: 106
Nov 08, 2022 5:44:02 PM org.openqa.selenium.devtools.CdpVersionFinder findNearestMatch
INFO: Found CDP implementation for version 107 of 106
]]></system-err>
  </testcase>
</testsuite>