<?xml version="1.0" encoding="UTF-8"?>
<testng-results ignored="0" total="2" passed="2" failed="0" skipped="0">
  <reporter-output>
  </reporter-output>
  <suite started-at="2022-11-08T17:43:41 IST" name="nopcommercesuite" finished-at="2022-11-08T17:44:15 IST" duration-ms="34273">
    <groups>
    </groups>
    <test started-at="2022-11-08T17:43:41 IST" name="Test1" finished-at="2022-11-08T17:44:15 IST" duration-ms="34273">
      <class name="com.nopcommerce.testCases.TC_LoginTest_001">
        <test-method is-config="true" signature="setUp()[pri:0, instance:com.nopcommerce.testCases.TC_LoginTest_001@515aebb0]" started-at="2022-11-08T17:43:41 IST" name="setUp" finished-at="2022-11-08T17:43:48 IST" duration-ms="7135" status="PASS">
          <reporter-output>
          </reporter-output>
        </test-method> <!-- setUp -->
        <test-method signature="loginTest()[pri:0, instance:com.nopcommerce.testCases.TC_LoginTest_001@515aebb0]" started-at="2022-11-08T17:43:48 IST" name="loginTest" finished-at="2022-11-08T17:44:01 IST" duration-ms="13118" status="PASS">
          <reporter-output>
          </reporter-output>
        </test-method> <!-- loginTest -->
      </class> <!-- com.nopcommerce.testCases.TC_LoginTest_001 -->
      <class name="com.nopcommerce.testCases.TC_AddCustomer_003">
        <test-method is-config="true" signature="setUp()[pri:0, instance:com.nopcommerce.testCases.TC_AddCustomer_003@595b007d]" started-at="2022-11-08T17:44:01 IST" name="setUp" finished-at="2022-11-08T17:44:02 IST" duration-ms="1095" status="PASS">
          <reporter-output>
          </reporter-output>
        </test-method> <!-- setUp -->
        <test-method signature="addNewCustomer()[pri:0, instance:com.nopcommerce.testCases.TC_AddCustomer_003@595b007d]" started-at="2022-11-08T17:44:02 IST" name="addNewCustomer" finished-at="2022-11-08T17:44:15 IST" duration-ms="12635" status="PASS">
          <reporter-output>
          </reporter-output>
        </test-method> <!-- addNewCustomer -->
      </class> <!-- com.nopcommerce.testCases.TC_AddCustomer_003 -->
    </test> <!-- Test1 -->
  </suite> <!-- nopcommercesuite -->
</testng-results>
